1719821596.861176 client started (2504145): version 3.4, socket /tmp/tmux-1000/default, protocol 8
1719821596.861197 on Linux 5.15.160-1-MANJARO #1 SMP PREEMPT Mon May 27 02:19:36 UTC 2024
1719821596.861201 using libevent 2.1.12-stable poll
1719821596.861204 using ncurses 6.5 20240427
1719821596.861223 flags are 0x18010000
1719821596.861234 socket is /tmp/tmux-1000/default
1719821596.861242 trying connect
1719821596.861295 add peer 0x5622db9dae80: 6 ((nil))
1719821596.861574 sending message 100 to peer 0x5622db9dae80 (4 bytes)
1719821596.861581 sending message 111 to peer 0x5622db9dae80 (8 bytes)
1719821596.861584 sending message 101 to peer 0x5622db9dae80 (12 bytes)
1719821596.861587 sending message 109 to peer 0x5622db9dae80 (4 bytes)
1719821596.861592 sending message 102 to peer 0x5622db9dae80 (11 bytes)
1719821596.861595 sending message 108 to peer 0x5622db9dae80 (31 bytes)
1719821596.861598 sending message 112 to peer 0x5622db9dae80 (70 bytes)
1719821596.861601 sending message 112 to peer 0x5622db9dae80 (5 bytes)
1719821596.861604 sending message 112 to peer 0x5622db9dae80 (6 bytes)
1719821596.861606 sending message 112 to peer 0x5622db9dae80 (6 bytes)
1719821596.861609 sending message 112 to peer 0x5622db9dae80 (10 bytes)
1719821596.861612 sending message 112 to peer 0x5622db9dae80 (13 bytes)
1719821596.861615 sending message 112 to peer 0x5622db9dae80 (14 bytes)
1719821596.861618 sending message 112 to peer 0x5622db9dae80 (19 bytes)
1719821596.861620 sending message 112 to peer 0x5622db9dae80 (11 bytes)
1719821596.861623 sending message 112 to peer 0x5622db9dae80 (10 bytes)
1719821596.861626 sending message 112 to peer 0x5622db9dae80 (15 bytes)
1719821596.861629 sending message 112 to peer 0x5622db9dae80 (21 bytes)
1719821596.861632 sending message 112 to peer 0x5622db9dae80 (13 bytes)
1719821596.861634 sending message 112 to peer 0x5622db9dae80 (7 bytes)
1719821596.861637 sending message 112 to peer 0x5622db9dae80 (13 bytes)
1719821596.861640 sending message 112 to peer 0x5622db9dae80 (7 bytes)
1719821596.861643 sending message 112 to peer 0x5622db9dae80 (13 bytes)
1719821596.861646 sending message 112 to peer 0x5622db9dae80 (9 bytes)
1719821596.861648 sending message 112 to peer 0x5622db9dae80 (21 bytes)
1719821596.861651 sending message 112 to peer 0x5622db9dae80 (13 bytes)
1719821596.861654 sending message 112 to peer 0x5622db9dae80 (9 bytes)
1719821596.861657 sending message 112 to peer 0x5622db9dae80 (16 bytes)
1719821596.861660 sending message 112 to peer 0x5622db9dae80 (13 bytes)
1719821596.861662 sending message 112 to peer 0x5622db9dae80 (9 bytes)
1719821596.861665 sending message 112 to peer 0x5622db9dae80 (9 bytes)
1719821596.861668 sending message 112 to peer 0x5622db9dae80 (12 bytes)
1719821596.861671 sending message 112 to peer 0x5622db9dae80 (8 bytes)
1719821596.861674 sending message 112 to peer 0x5622db9dae80 (13 bytes)
1719821596.861676 sending message 112 to peer 0x5622db9dae80 (7 bytes)
1719821596.861679 sending message 112 to peer 0x5622db9dae80 (7 bytes)
1719821596.861682 sending message 112 to peer 0x5622db9dae80 (9 bytes)
1719821596.861685 sending message 112 to peer 0x5622db9dae80 (6 bytes)
1719821596.861688 sending message 112 to peer 0x5622db9dae80 (9 bytes)
1719821596.861690 sending message 112 to peer 0x5622db9dae80 (15 bytes)
1719821596.861693 sending message 112 to peer 0x5622db9dae80 (13 bytes)
1719821596.861696 sending message 112 to peer 0x5622db9dae80 (12 bytes)
1719821596.861699 sending message 112 to peer 0x5622db9dae80 (8 bytes)
1719821596.861702 sending message 112 to peer 0x5622db9dae80 (14 bytes)
1719821596.861705 sending message 112 to peer 0x5622db9dae80 (9 bytes)
1719821596.861708 sending message 112 to peer 0x5622db9dae80 (10 bytes)
1719821596.861710 sending message 112 to peer 0x5622db9dae80 (10 bytes)
1719821596.861713 sending message 112 to peer 0x5622db9dae80 (10 bytes)
1719821596.861716 sending message 112 to peer 0x5622db9dae80 (10 bytes)
1719821596.861719 sending message 112 to peer 0x5622db9dae80 (11 bytes)
1719821596.861721 sending message 112 to peer 0x5622db9dae80 (12 bytes)
1719821596.861730 sending message 112 to peer 0x5622db9dae80 (12 bytes)
1719821596.861733 sending message 112 to peer 0x5622db9dae80 (12 bytes)
1719821596.861735 sending message 112 to peer 0x5622db9dae80 (12 bytes)
1719821596.861738 sending message 112 to peer 0x5622db9dae80 (12 bytes)
1719821596.861741 sending message 112 to peer 0x5622db9dae80 (11 bytes)
1719821596.861744 sending message 112 to peer 0x5622db9dae80 (11 bytes)
1719821596.861747 sending message 112 to peer 0x5622db9dae80 (12 bytes)
1719821596.861750 sending message 112 to peer 0x5622db9dae80 (12 bytes)
1719821596.861752 sending message 112 to peer 0x5622db9dae80 (12 bytes)
1719821596.861755 sending message 112 to peer 0x5622db9dae80 (12 bytes)
1719821596.861758 sending message 112 to peer 0x5622db9dae80 (12 bytes)
1719821596.861761 sending message 112 to peer 0x5622db9dae80 (9 bytes)
1719821596.861764 sending message 112 to peer 0x5622db9dae80 (12 bytes)
1719821596.861766 sending message 112 to peer 0x5622db9dae80 (13 bytes)
1719821596.861769 sending message 112 to peer 0x5622db9dae80 (13 bytes)
1719821596.861772 sending message 112 to peer 0x5622db9dae80 (13 bytes)
1719821596.861775 sending message 112 to peer 0x5622db9dae80 (13 bytes)
1719821596.861778 sending message 112 to peer 0x5622db9dae80 (13 bytes)
1719821596.861780 sending message 112 to peer 0x5622db9dae80 (8 bytes)
1719821596.861783 sending message 112 to peer 0x5622db9dae80 (11 bytes)
1719821596.861786 sending message 112 to peer 0x5622db9dae80 (11 bytes)
1719821596.861789 sending message 112 to peer 0x5622db9dae80 (11 bytes)
1719821596.861792 sending message 112 to peer 0x5622db9dae80 (12 bytes)
1719821596.861794 sending message 112 to peer 0x5622db9dae80 (12 bytes)
1719821596.861797 sending message 112 to peer 0x5622db9dae80 (13 bytes)
1719821596.861800 sending message 112 to peer 0x5622db9dae80 (12 bytes)
1719821596.861803 sending message 112 to peer 0x5622db9dae80 (13 bytes)
1719821596.861806 sending message 112 to peer 0x5622db9dae80 (13 bytes)
1719821596.861808 sending message 112 to peer 0x5622db9dae80 (13 bytes)
1719821596.861811 sending message 112 to peer 0x5622db9dae80 (8 bytes)
1719821596.861814 sending message 112 to peer 0x5622db9dae80 (13 bytes)
1719821596.861817 sending message 112 to peer 0x5622db9dae80 (13 bytes)
1719821596.861820 sending message 112 to peer 0x5622db9dae80 (13 bytes)
1719821596.861822 sending message 112 to peer 0x5622db9dae80 (13 bytes)
1719821596.861825 sending message 112 to peer 0x5622db9dae80 (13 bytes)
1719821596.861828 sending message 112 to peer 0x5622db9dae80 (12 bytes)
1719821596.861831 sending message 112 to peer 0x5622db9dae80 (12 bytes)
1719821596.861833 sending message 112 to peer 0x5622db9dae80 (13 bytes)
1719821596.861836 sending message 112 to peer 0x5622db9dae80 (12 bytes)
1719821596.861839 sending message 112 to peer 0x5622db9dae80 (13 bytes)
1719821596.861842 sending message 112 to peer 0x5622db9dae80 (8 bytes)
1719821596.861845 sending message 112 to peer 0x5622db9dae80 (13 bytes)
1719821596.861847 sending message 112 to peer 0x5622db9dae80 (13 bytes)
1719821596.861850 sending message 112 to peer 0x5622db9dae80 (13 bytes)
1719821596.861853 sending message 112 to peer 0x5622db9dae80 (13 bytes)
1719821596.861856 sending message 112 to peer 0x5622db9dae80 (13 bytes)
1719821596.861859 sending message 112 to peer 0x5622db9dae80 (13 bytes)
1719821596.861861 sending message 112 to peer 0x5622db9dae80 (13 bytes)
1719821596.861864 sending message 112 to peer 0x5622db9dae80 (12 bytes)
1719821596.861867 sending message 112 to peer 0x5622db9dae80 (12 bytes)
1719821596.861870 sending message 112 to peer 0x5622db9dae80 (13 bytes)
1719821596.861873 sending message 112 to peer 0x5622db9dae80 (8 bytes)
1719821596.861876 sending message 112 to peer 0x5622db9dae80 (12 bytes)
1719821596.861878 sending message 112 to peer 0x5622db9dae80 (13 bytes)
1719821596.861881 sending message 112 to peer 0x5622db9dae80 (13 bytes)
1719821596.861884 sending message 112 to peer 0x5622db9dae80 (13 bytes)
1719821596.861887 sending message 112 to peer 0x5622db9dae80 (13 bytes)
1719821596.861892 sending message 112 to peer 0x5622db9dae80 (13 bytes)
1719821596.861895 sending message 112 to peer 0x5622db9dae80 (13 bytes)
1719821596.861898 sending message 112 to peer 0x5622db9dae80 (13 bytes)
1719821596.861901 sending message 112 to peer 0x5622db9dae80 (13 bytes)
1719821596.861904 sending message 112 to peer 0x5622db9dae80 (12 bytes)
1719821596.861907 sending message 112 to peer 0x5622db9dae80 (10 bytes)
1719821596.861909 sending message 112 to peer 0x5622db9dae80 (12 bytes)
1719821596.861912 sending message 112 to peer 0x5622db9dae80 (13 bytes)
1719821596.861915 sending message 112 to peer 0x5622db9dae80 (12 bytes)
1719821596.861918 sending message 112 to peer 0x5622db9dae80 (13 bytes)
1719821596.861920 sending message 112 to peer 0x5622db9dae80 (13 bytes)
1719821596.861923 sending message 112 to peer 0x5622db9dae80 (13 bytes)
1719821596.861926 sending message 112 to peer 0x5622db9dae80 (13 bytes)
1719821596.861929 sending message 112 to peer 0x5622db9dae80 (13 bytes)
1719821596.861932 sending message 112 to peer 0x5622db9dae80 (13 bytes)
1719821596.861934 sending message 112 to peer 0x5622db9dae80 (13 bytes)
1719821596.861937 sending message 112 to peer 0x5622db9dae80 (10 bytes)
1719821596.861940 sending message 112 to peer 0x5622db9dae80 (13 bytes)
1719821596.861943 sending message 112 to peer 0x5622db9dae80 (12 bytes)
1719821596.861945 sending message 112 to peer 0x5622db9dae80 (12 bytes)
1719821596.861948 sending message 112 to peer 0x5622db9dae80 (13 bytes)
1719821596.861951 sending message 112 to peer 0x5622db9dae80 (10 bytes)
1719821596.861954 sending message 112 to peer 0x5622db9dae80 (10 bytes)
1719821596.861957 sending message 112 to peer 0x5622db9dae80 (10 bytes)
1719821596.861959 sending message 112 to peer 0x5622db9dae80 (12 bytes)
1719821596.861962 sending message 112 to peer 0x5622db9dae80 (13 bytes)
1719821596.861965 sending message 112 to peer 0x5622db9dae80 (13 bytes)
1719821596.861968 sending message 112 to peer 0x5622db9dae80 (13 bytes)
1719821596.861971 sending message 112 to peer 0x5622db9dae80 (13 bytes)
1719821596.861973 sending message 112 to peer 0x5622db9dae80 (13 bytes)
1719821596.861976 sending message 112 to peer 0x5622db9dae80 (10 bytes)
1719821596.861979 sending message 112 to peer 0x5622db9dae80 (11 bytes)
1719821596.861982 sending message 112 to peer 0x5622db9dae80 (12 bytes)
1719821596.861985 sending message 112 to peer 0x5622db9dae80 (12 bytes)
1719821596.861988 sending message 112 to peer 0x5622db9dae80 (12 bytes)
1719821596.861990 sending message 112 to peer 0x5622db9dae80 (12 bytes)
1719821596.861993 sending message 112 to peer 0x5622db9dae80 (12 bytes)
1719821596.861996 sending message 112 to peer 0x5622db9dae80 (11 bytes)
1719821596.861999 sending message 112 to peer 0x5622db9dae80 (12 bytes)
1719821596.862002 sending message 112 to peer 0x5622db9dae80 (12 bytes)
1719821596.862004 sending message 112 to peer 0x5622db9dae80 (13 bytes)
1719821596.862007 sending message 112 to peer 0x5622db9dae80 (13 bytes)
1719821596.862010 sending message 112 to peer 0x5622db9dae80 (13 bytes)
1719821596.862013 sending message 112 to peer 0x5622db9dae80 (13 bytes)
1719821596.862016 sending message 112 to peer 0x5622db9dae80 (13 bytes)
1719821596.862018 sending message 112 to peer 0x5622db9dae80 (10 bytes)
1719821596.862021 sending message 112 to peer 0x5622db9dae80 (9 bytes)
1719821596.862024 sending message 112 to peer 0x5622db9dae80 (12 bytes)
1719821596.862027 sending message 112 to peer 0x5622db9dae80 (13 bytes)
1719821596.862030 sending message 112 to peer 0x5622db9dae80 (13 bytes)
1719821596.862032 sending message 112 to peer 0x5622db9dae80 (13 bytes)
1719821596.862035 sending message 112 to peer 0x5622db9dae80 (13 bytes)
1719821596.862038 sending message 112 to peer 0x5622db9dae80 (13 bytes)
1719821596.862041 sending message 112 to peer 0x5622db9dae80 (9 bytes)
1719821596.862044 sending message 112 to peer 0x5622db9dae80 (12 bytes)
1719821596.862046 sending message 112 to peer 0x5622db9dae80 (13 bytes)
1719821596.862049 sending message 112 to peer 0x5622db9dae80 (13 bytes)
1719821596.862056 sending message 112 to peer 0x5622db9dae80 (13 bytes)
1719821596.862059 sending message 112 to peer 0x5622db9dae80 (13 bytes)
1719821596.862062 sending message 112 to peer 0x5622db9dae80 (13 bytes)
1719821596.862065 sending message 112 to peer 0x5622db9dae80 (11 bytes)
1719821596.862068 sending message 112 to peer 0x5622db9dae80 (12 bytes)
1719821596.862070 sending message 112 to peer 0x5622db9dae80 (13 bytes)
1719821596.862073 sending message 112 to peer 0x5622db9dae80 (13 bytes)
1719821596.862076 sending message 112 to peer 0x5622db9dae80 (13 bytes)
1719821596.862079 sending message 112 to peer 0x5622db9dae80 (13 bytes)
1719821596.862081 sending message 112 to peer 0x5622db9dae80 (13 bytes)
1719821596.862084 sending message 112 to peer 0x5622db9dae80 (11 bytes)
1719821596.862087 sending message 112 to peer 0x5622db9dae80 (12 bytes)
1719821596.862090 sending message 112 to peer 0x5622db9dae80 (12 bytes)
1719821596.862093 sending message 112 to peer 0x5622db9dae80 (12 bytes)
1719821596.862096 sending message 112 to peer 0x5622db9dae80 (12 bytes)
1719821596.862098 sending message 112 to peer 0x5622db9dae80 (12 bytes)
1719821596.862101 sending message 112 to peer 0x5622db9dae80 (22 bytes)
1719821596.862104 sending message 112 to peer 0x5622db9dae80 (12 bytes)
1719821596.862107 sending message 112 to peer 0x5622db9dae80 (9 bytes)
1719821596.862110 sending message 112 to peer 0x5622db9dae80 (6 bytes)
1719821596.862113 sending message 112 to peer 0x5622db9dae80 (13 bytes)
1719821596.862115 sending message 112 to peer 0x5622db9dae80 (10 bytes)
1719821596.862119 sending message 112 to peer 0x5622db9dae80 (15 bytes)
1719821596.862122 sending message 112 to peer 0x5622db9dae80 (11 bytes)
1719821596.862126 sending message 112 to peer 0x5622db9dae80 (9 bytes)
1719821596.862129 sending message 112 to peer 0x5622db9dae80 (70 bytes)
1719821596.862132 sending message 112 to peer 0x5622db9dae80 (69 bytes)
1719821596.862135 sending message 112 to peer 0x5622db9dae80 (34 bytes)
1719821596.862138 sending message 112 to peer 0x5622db9dae80 (34 bytes)
1719821596.862141 sending message 112 to peer 0x5622db9dae80 (69 bytes)
1719821596.862144 sending message 112 to peer 0x5622db9dae80 (12 bytes)
1719821596.862146 sending message 112 to peer 0x5622db9dae80 (10 bytes)
1719821596.862150 sending message 112 to peer 0x5622db9dae80 (10 bytes)
1719821596.862153 sending message 112 to peer 0x5622db9dae80 (15 bytes)
1719821596.862156 sending message 112 to peer 0x5622db9dae80 (11 bytes)
1719821596.862159 sending message 112 to peer 0x5622db9dae80 (10 bytes)
1719821596.862163 sending message 112 to peer 0x5622db9dae80 (10 bytes)
1719821596.862166 sending message 112 to peer 0x5622db9dae80 (17 bytes)
1719821596.862169 sending message 112 to peer 0x5622db9dae80 (10 bytes)
1719821596.862172 sending message 112 to peer 0x5622db9dae80 (13 bytes)
1719821596.862175 sending message 112 to peer 0x5622db9dae80 (17 bytes)
1719821596.862178 sending message 112 to peer 0x5622db9dae80 (5 bytes)
1719821596.862181 sending message 112 to peer 0x5622db9dae80 (9 bytes)
1719821596.862184 sending message 112 to peer 0x5622db9dae80 (15 bytes)
1719821596.862188 sending message 104 to peer 0x5622db9dae80 (0 bytes)
1719821596.862191 sending message 110 to peer 0x5622db9dae80 (0 bytes)
1719821596.862195 sending message 107 to peer 0x5622db9dae80 (4 bytes)
1719821596.862198 sending message 105 to peer 0x5622db9dae80 (19 bytes)
1719821596.862201 sending message 105 to peer 0x5622db9dae80 (58 bytes)
1719821596.862204 sending message 105 to peer 0x5622db9dae80 (23 bytes)
1719821596.862207 sending message 105 to peer 0x5622db9dae80 (20 bytes)
1719821596.862210 sending message 105 to peer 0x5622db9dae80 (22 bytes)
1719821596.862213 sending message 105 to peer 0x5622db9dae80 (24 bytes)
1719821596.862217 sending message 105 to peer 0x5622db9dae80 (15 bytes)
1719821596.862220 sending message 105 to peer 0x5622db9dae80 (35 bytes)
1719821596.862223 sending message 105 to peer 0x5622db9dae80 (26 bytes)
1719821596.862226 sending message 105 to peer 0x5622db9dae80 (15 bytes)
1719821596.862232 sending message 105 to peer 0x5622db9dae80 (21 bytes)
1719821596.862235 sending message 105 to peer 0x5622db9dae80 (36 bytes)
1719821596.862237 sending message 105 to peer 0x5622db9dae80 (50 bytes)
1719821596.862240 sending message 105 to peer 0x5622db9dae80 (15 bytes)
1719821596.862243 sending message 105 to peer 0x5622db9dae80 (20 bytes)
1719821596.862246 sending message 105 to peer 0x5622db9dae80 (18 bytes)
1719821596.862249 sending message 105 to peer 0x5622db9dae80 (16 bytes)
1719821596.862252 sending message 105 to peer 0x5622db9dae80 (21 bytes)
1719821596.862255 sending message 105 to peer 0x5622db9dae80 (52 bytes)
1719821596.862258 sending message 105 to peer 0x5622db9dae80 (23 bytes)
1719821596.862261 sending message 105 to peer 0x5622db9dae80 (30 bytes)
1719821596.862264 sending message 105 to peer 0x5622db9dae80 (12 bytes)
1719821596.862266 sending message 105 to peer 0x5622db9dae80 (11 bytes)
1719821596.862269 sending message 105 to peer 0x5622db9dae80 (8 bytes)
1719821596.862272 sending message 105 to peer 0x5622db9dae80 (25 bytes)
1719821596.862275 sending message 105 to peer 0x5622db9dae80 (27 bytes)
1719821596.862278 sending message 105 to peer 0x5622db9dae80 (11 bytes)
1719821596.862281 sending message 105 to peer 0x5622db9dae80 (17 bytes)
1719821596.862283 sending message 105 to peer 0x5622db9dae80 (31 bytes)
1719821596.862286 sending message 105 to peer 0x5622db9dae80 (20 bytes)
1719821596.862289 sending message 105 to peer 0x5622db9dae80 (735 bytes)
1719821596.862293 sending message 105 to peer 0x5622db9dae80 (17 bytes)
1719821596.862297 sending message 105 to peer 0x5622db9dae80 (54 bytes)
1719821596.862300 sending message 105 to peer 0x5622db9dae80 (28 bytes)
1719821596.862303 sending message 105 to peer 0x5622db9dae80 (23 bytes)
1719821596.862306 sending message 105 to peer 0x5622db9dae80 (20 bytes)
1719821596.862309 sending message 105 to peer 0x5622db9dae80 (50 bytes)
1719821596.862312 sending message 105 to peer 0x5622db9dae80 (65 bytes)
1719821596.862315 sending message 105 to peer 0x5622db9dae80 (37 bytes)
1719821596.862318 sending message 105 to peer 0x5622db9dae80 (32 bytes)
1719821596.862320 sending message 105 to peer 0x5622db9dae80 (30 bytes)
1719821596.862323 sending message 105 to peer 0x5622db9dae80 (12 bytes)
1719821596.862326 sending message 105 to peer 0x5622db9dae80 (71 bytes)
1719821596.862329 sending message 105 to peer 0x5622db9dae80 (18 bytes)
1719821596.862332 sending message 105 to peer 0x5622db9dae80 (18 bytes)
1719821596.862334 sending message 105 to peer 0x5622db9dae80 (17 bytes)
1719821596.862338 sending message 105 to peer 0x5622db9dae80 (20 bytes)
1719821596.862341 sending message 105 to peer 0x5622db9dae80 (18 bytes)
1719821596.862345 sending message 105 to peer 0x5622db9dae80 (60 bytes)
1719821596.862348 sending message 105 to peer 0x5622db9dae80 (40 bytes)
1719821596.862351 sending message 105 to peer 0x5622db9dae80 (33 bytes)
1719821596.862354 sending message 105 to peer 0x5622db9dae80 (38 bytes)
1719821596.862357 sending message 105 to peer 0x5622db9dae80 (23 bytes)
1719821596.862360 sending message 105 to peer 0x5622db9dae80 (27 bytes)
1719821596.862363 sending message 105 to peer 0x5622db9dae80 (49 bytes)
1719821596.862366 sending message 105 to peer 0x5622db9dae80 (31 bytes)
1719821596.862369 sending message 105 to peer 0x5622db9dae80 (27 bytes)
1719821596.862372 sending message 105 to peer 0x5622db9dae80 (12 bytes)
1719821596.862374 sending message 105 to peer 0x5622db9dae80 (26 bytes)
1719821596.862377 sending message 105 to peer 0x5622db9dae80 (16 bytes)
1719821596.862380 sending message 105 to peer 0x5622db9dae80 (53 bytes)
1719821596.862383 sending message 105 to peer 0x5622db9dae80 (62 bytes)
1719821596.862386 sending message 105 to peer 0x5622db9dae80 (13 bytes)
1719821596.862388 sending message 105 to peer 0x5622db9dae80 (34 bytes)
1719821596.862391 sending message 105 to peer 0x5622db9dae80 (11 bytes)
1719821596.862394 sending message 105 to peer 0x5622db9dae80 (8 bytes)
1719821596.862397 sending message 105 to peer 0x5622db9dae80 (32 bytes)
1719821596.862404 sending message 105 to peer 0x5622db9dae80 (1905 bytes)
1719821596.862420 sending message 105 to peer 0x5622db9dae80 (34 bytes)
1719821596.862424 sending message 105 to peer 0x5622db9dae80 (12 bytes)
1719821596.862427 sending message 105 to peer 0x5622db9dae80 (20 bytes)
1719821596.862430 sending message 105 to peer 0x5622db9dae80 (38 bytes)
1719821596.862433 sending message 105 to peer 0x5622db9dae80 (39 bytes)
1719821596.862436 sending message 105 to peer 0x5622db9dae80 (48 bytes)
1719821596.862440 sending message 105 to peer 0x5622db9dae80 (44 bytes)
1719821596.862442 sending message 105 to peer 0x5622db9dae80 (10 bytes)
1719821596.862445 sending message 105 to peer 0x5622db9dae80 (24 bytes)
1719821596.862448 sending message 105 to peer 0x5622db9dae80 (30 bytes)
1719821596.862451 sending message 106 to peer 0x5622db9dae80 (0 bytes)
1719821596.862496 sending message 200 to peer 0x5622db9dae80 (4 bytes)
1719821596.862499 client loop enter
1719821620.405524 client_signal: Interrupt
1719821623.896383 client_signal: Window changed
1719821648.423229 client_signal: Interrupt
1719821653.560423 client_signal: Hangup
1719821653.560478 client loop exit
